{
  "RSpec": {
    "coverage": {
      "/Users/pedrosouza/projects/opedrosouza/api_with_auth_boilerplate/app/models/account.rb": {
        "lines": [
          null,
          null,
          null,
          null,
          null,
          null,
          null,
          null,
          null,
          null,
          null,
          null,
          null,
          null,
          null,
          null,
          null,
          null,
          1,
          null,
          1,
          null,
          1,
          1,
          null,
          null,
          1,
          null,
          8,
          2,
          null,
          null,
          null
        ]
      },
      "/Users/pedrosouza/projects/opedrosouza/api_with_auth_boilerplate/app/models/application_record.rb": {
        "lines": [
          null,
          1,
          null,
          1,
          null,
          null
        ]
      },
      "/Users/pedrosouza/projects/opedrosouza/api_with_auth_boilerplate/app/controllers/health_check_controller.rb": {
        "lines": [
          null,
          1,
          null,
          1,
          2,
          null,
          null,
          null
        ]
      },
      "/Users/pedrosouza/projects/opedrosouza/api_with_auth_boilerplate/app/controllers/application_controller.rb": {
        "lines": [
          null,
          1,
          null
        ]
      },
      "/Users/pedrosouza/projects/opedrosouza/api_with_auth_boilerplate/app/channels/application_cable/channel.rb": {
        "lines": [
          null,
          0,
          null,
          0,
          0,
          null,
          0
        ],
        "branches": {
        }
      },
      "/Users/pedrosouza/projects/opedrosouza/api_with_auth_boilerplate/app/channels/application_cable/connection.rb": {
        "lines": [
          null,
          0,
          null,
          0,
          0,
          null,
          0
        ],
        "branches": {
        }
      },
      "/Users/pedrosouza/projects/opedrosouza/api_with_auth_boilerplate/app/jobs/application_job.rb": {
        "lines": [
          null,
          0,
          null,
          null,
          null,
          null,
          null,
          0
        ],
        "branches": {
        }
      },
      "/Users/pedrosouza/projects/opedrosouza/api_with_auth_boilerplate/app/mailers/application_mailer.rb": {
        "lines": [
          null,
          0,
          null,
          0,
          0,
          null,
          0
        ],
        "branches": {
        }
      }
    },
    "timestamp": 1679097473
  }
}
